Vivado Simulator 2020.2
Copyright 1986-1999, 2001-2020 Xilinx, Inc. All Rights Reserved.
Running: /opt/Xilinx/Vivado/2020.2/bin/unwrapped/lnx64.o/xelab -wto e89fdda3571944aba9634a6d78b318b9 --incr --debug typical --relax --mt 8 -L xil_defaultlib -L xbip_utils_v3_0_10 -L c_reg_fd_v12_0_6 -L xbip_dsp48_wrapper_v3_0_4 -L xbip_pipe_v3_0_6 -L xbip_dsp48_addsub_v3_0_6 -L xbip_addsub_v3_0_6 -L c_addsub_v12_0_14 -L c_gate_bit_v12_0_6 -L xbip_counter_v3_0_6 -L c_counter_binary_v12_0_14 -L xlslice_v1_0_2 -L sim_clk_gen_v1_0_2 -L unisims_ver -L unimacro_ver -L secureip -L xpm --snapshot tb1_behav xil_defaultlib.tb1 xil_defaultlib.glbl -log elaborate.log 
Using 8 slave threads.
Starting static elaboration
Pass Through NonSizing Optimizer
Completed static elaboration
Starting simulation data flow analysis
Completed simulation data flow analysis
Time Resolution for simulation is 1ps
Compiling package std.standard
Compiling package std.textio
Compiling package ieee.std_logic_1164
Compiling package ieee.numeric_std
Compiling package unisim.vcomponents
Compiling package c_counter_binary_v12_0_14.c_counter_binary_v12_0_14_viv_co...
Compiling package xbip_utils_v3_0_10.xbip_utils_v3_0_10_pkg
Compiling package xbip_counter_v3_0_6.xbip_counter_v3_0_6_viv_comp
Compiling package ieee.std_logic_arith
Compiling package ieee.std_logic_unsigned
Compiling package xbip_counter_v3_0_6.xbip_counter_v3_0_6_pkg
Compiling package c_counter_binary_v12_0_14.c_counter_binary_v12_0_14_pkg
Compiling package c_addsub_v12_0_14.c_addsub_v12_0_14_pkg_legacy
Compiling package c_reg_fd_v12_0_6.c_reg_fd_v12_0_6_viv_comp
Compiling package c_addsub_v12_0_14.c_addsub_v12_0_14_pkg
Compiling package vl.vl_types
Compiling module xil_defaultlib.glbl
Compiling architecture structural of entity c_reg_fd_v12_0_6.c_reg_fd_v12_0_6_viv [\c_reg_fd_v12_0_6_viv(c_width=32...]
Compiling architecture muxcy_v of entity unisim.MUXCY [muxcy_default]
Compiling architecture xorcy_v of entity unisim.XORCY [xorcy_default]
Compiling architecture rtl of entity c_addsub_v12_0_14.c_addsub_v12_0_14_lut6_legacy [\c_addsub_v12_0_14_lut6_legacy(c...]
Compiling architecture synth of entity c_addsub_v12_0_14.c_addsub_v12_0_14_fabric_legacy [\c_addsub_v12_0_14_fabric_legacy...]
Compiling architecture synth of entity c_addsub_v12_0_14.c_addsub_v12_0_14_legacy [\c_addsub_v12_0_14_legacy(c_fami...]
Compiling architecture synth of entity c_counter_binary_v12_0_14.c_counter_binary_v12_0_14_legacy [\c_counter_binary_v12_0_14_legac...]
Compiling architecture synth of entity c_counter_binary_v12_0_14.c_counter_binary_v12_0_14_viv [\c_counter_binary_v12_0_14_viv(c...]
Compiling architecture xilinx of entity c_counter_binary_v12_0_14.c_counter_binary_v12_0_14 [\c_counter_binary_v12_0_14(c_xde...]
Compiling architecture design_1_c_counter_binary_0_0_arch of entity xil_defaultlib.design_1_c_counter_binary_0_0 [design_1_c_counter_binary_0_0_de...]
Compiling architecture design_1_ila_0_0_arch of entity xil_defaultlib.design_1_ila_0_0 [design_1_ila_0_0_default]
Compiling module sim_clk_gen_v1_0_2.sim_clk_gen(CLOCK_PERIOD=10,RESE...
Compiling module xil_defaultlib.design_1_sim_clk_gen_0_0
Compiling architecture design_1_vio_0_0_arch of entity xil_defaultlib.design_1_vio_0_0 [design_1_vio_0_0_default]
Compiling module xlslice_v1_0_2.xlslice_v1_0_2_xlslice(DIN_FROM=...
Compiling module xil_defaultlib.design_1_xlslice_0_0
Compiling architecture structure of entity xil_defaultlib.design_1 [design_1_default]
Compiling architecture structure of entity xil_defaultlib.design_1_wrapper [design_1_wrapper_default]
Compiling architecture behavioral of entity xil_defaultlib.tb1
Built simulation snapshot tb1_behav
